004-Video360/Temp/gradleOut/build/outputs/logs/manifest-merger-release-report.txt
-- Merging decision tree log ---
manifest
ADDED from src/main/AndroidManifest.xml:2:1-36:12
INJECTED from src/main/AndroidManifest.xml:2:1-36:12
INJECTED from src/main/AndroidManifest.xml:2:1-36:12
INJECTED from src/main/AndroidManifest.xml:2:1-36:12
MERGED from [:VuforiaWrapper:] AndroidManifest.xml:2:1-17:12
MERGED from [:gvr:] AndroidManifest.xml:2:1-9:12
MERGED from [:unitygvr:] AndroidManifest.xml:2:1-11:12
INJECTED from src/main/AndroidManifest.xml:2:1-36:12
INJECTED from src/main/AndroidManifest.xml:2:1-36:12
INJECTED from src/main/AndroidManifest.xml:2:1-36:12
	package
		ADDED from src/main/AndroidManifest.xml:2:70-100
		INJECTED from src/main/AndroidManifest.xml
		INJECTED from src/main/AndroidManifest.xml
	android:versionName
		INJECTED from src/main/AndroidManifest.xml
		ADDED from src/main/AndroidManifest.xml:2:1-36:12
		INJECTED from src/main/AndroidManifest.xml
	xmlns:tools
		ADDED from src/main/AndroidManifest.xml:2:101-147
	android:versionCode
		INJECTED from src/main/AndroidManifest.xml
		ADDED from src/main/AndroidManifest.xml:2:1-36:12
		INJECTED from src/main/AndroidManifest.xml
	xmlns:android
		ADDED from src/main/AndroidManifest.xml:2:11-69
	android:installLocation
		ADDED from src/main/AndroidManifest.xml:2:148-188
supports-screens
ADDED from src/main/AndroidManifest.xml:3:3-163
	android:largeScreens
		ADDED from src/main/AndroidManifest.xml:3:78-105
	android:smallScreens
		ADDED from src/main/AndroidManifest.xml:3:21-48
	android:normalScreens
		ADDED from src/main/AndroidManifest.xml:3:49-77
	android:xlargeScreens
		ADDED from src/main/AndroidManifest.xml:3:106-134
	android:anyDensity
		ADDED from src/main/AndroidManifest.xml:3:135-160
application
ADDED from src/main/AndroidManifest.xml:4:3-22:17
MERGED from [:VuforiaWrapper:] AndroidManifest.xml:14:5-15:19
MERGED from [:VuforiaWrapper:] AndroidManifest.xml:14:5-15:19
	android:label
		ADDED from src/main/AndroidManifest.xml:4:48-80
	android:debuggable
		ADDED from [:VuforiaWrapper:] AndroidManifest.xml:14:18-44
	android:icon
		ADDED from src/main/AndroidManifest.xml:4:16-47
	android:theme
		ADDED from src/main/AndroidManifest.xml:4:81-119
activity#com.unity3d.player.UnityPlayerActivity
ADDED from src/main/AndroidManifest.xml:5:5-16:16
	android:screenOrientation
		ADDED from src/main/AndroidManifest.xml:5:102-140
	android:label
		ADDED from src/main/AndroidManifest.xml:5:69-101
	android:launchMode
		ADDED from src/main/AndroidManifest.xml:5:141-172
	android:hardwareAccelerated
		ADDED from src/main/AndroidManifest.xml:5:355-390
	android:resizeableActivity
		ADDED from src/main/AndroidManifest.xml:5:391-425
	android:configChanges
		ADDED from src/main/AndroidManifest.xml:5:173-354
	android:name
		ADDED from src/main/AndroidManifest.xml:5:15-68
intent-filter#action:name:android.intent.action.MAIN+category:name:android.intent.category.LAUNCHER+category:name:com.google.intent.category.CARDBOARD+category:name:com.google.intent.category.DAYDREAM
ADDED from src/main/AndroidManifest.xml:6:7-11:23
action#android.intent.action.MAIN
ADDED from src/main/AndroidManifest.xml:7:9-61
	android:name
		ADDED from src/main/AndroidManifest.xml:7:17-58
category#android.intent.category.LAUNCHER
ADDED from src/main/AndroidManifest.xml:8:9-69
	android:name
		ADDED from src/main/AndroidManifest.xml:8:19-66
category#com.google.intent.category.CARDBOARD
ADDED from src/main/AndroidManifest.xml:9:9-73
	android:name
		ADDED from src/main/AndroidManifest.xml:9:19-70
category#com.google.intent.category.DAYDREAM
ADDED from src/main/AndroidManifest.xml:10:9-72
	android:name
		ADDED from src/main/AndroidManifest.xml:10:19-69
meta-data#unityplayer.UnityActivity
ADDED from src/main/AndroidManifest.xml:12:7-82
	android:value
		ADDED from src/main/AndroidManifest.xml:12:59-79
	android:name
		ADDED from src/main/AndroidManifest.xml:12:18-58
meta-data#com.google.android.vr.icon
ADDED from src/main/AndroidManifest.xml:13:7-105
	android:resource
		ADDED from src/main/AndroidManifest.xml:13:60-102
	android:name
		ADDED from src/main/AndroidManifest.xml:13:18-59
meta-data#com.google.android.vr.icon_background
ADDED from src/main/AndroidManifest.xml:14:7-115
	android:resource
		ADDED from src/main/AndroidManifest.xml:14:71-112
	android:name
		ADDED from src/main/AndroidManifest.xml:14:18-70
meta-data#android.notch_support
ADDED from src/main/AndroidManifest.xml:15:7-78
	android:value
		ADDED from src/main/AndroidManifest.xml:15:55-75
	android:name
		ADDED from src/main/AndroidManifest.xml:15:18-54
meta-data#unityplayer.SkipPermissionsDialog
ADDED from src/main/AndroidManifest.xml:17:5-88
	android:value
		ADDED from src/main/AndroidManifest.xml:17:65-85
	android:name
		ADDED from src/main/AndroidManifest.xml:17:16-64
meta-data#unity.build-id
ADDED from src/main/AndroidManifest.xml:18:5-101
	android:value
		ADDED from src/main/AndroidManifest.xml:18:46-98
	android:name
		ADDED from src/main/AndroidManifest.xml:18:16-45
meta-data#unity.splash-mode
ADDED from src/main/AndroidManifest.xml:19:5-69
	android:value
		ADDED from src/main/AndroidManifest.xml:19:49-66
	android:name
		ADDED from src/main/AndroidManifest.xml:19:16-48
meta-data#unity.splash-enable
ADDED from src/main/AndroidManifest.xml:20:5-75
	android:value
		ADDED from src/main/AndroidManifest.xml:20:51-72
	android:name
		ADDED from src/main/AndroidManifest.xml:20:16-50
meta-data#notch.config
ADDED from src/main/AndroidManifest.xml:21:5-81
	android:value
		ADDED from src/main/AndroidManifest.xml:21:44-78
	android:name
		ADDED from src/main/AndroidManifest.xml:21:16-43
uses-feature#0x00030000
ADDED from src/main/AndroidManifest.xml:23:3-52
	android:glEsVersion
		ADDED from src/main/AndroidManifest.xml:23:17-49
uses-feature#android.hardware.vr.headtracking
ADDED from src/main/AndroidManifest.xml:24:3-112
	android:version
		ADDED from src/main/AndroidManifest.xml:24:90-109
	android:required
		ADDED from src/main/AndroidManifest.xml:24:65-89
	android:name
		ADDED from src/main/AndroidManifest.xml:24:17-64
uses-feature#android.software.vr.mode
ADDED from src/main/AndroidManifest.xml:25:3-84
	android:required
		ADDED from src/main/AndroidManifest.xml:25:57-81
	android:name
		ADDED from src/main/AndroidManifest.xml:25:17-56
uses-feature#android.hardware.vr.high_performance
ADDED from src/main/AndroidManifest.xml:26:3-96
	android:required
		ADDED from src/main/AndroidManifest.xml:26:69-93
	android:name
		ADDED from src/main/AndroidManifest.xml:26:17-68
uses-permission#android.permission.READ_EXTERNAL_STORAGE
ADDED from src/main/AndroidManifest.xml:27:3-78
	android:name
		ADDED from src/main/AndroidManifest.xml:27:20-75
uses-permission#android.permission.INTERNET
ADDED from src/main/AndroidManifest.xml:28:3-65
MERGED from [:VuforiaWrapper:] AndroidManifest.xml:9:5-67
MERGED from [:VuforiaWrapper:] AndroidManifest.xml:9:5-67
	android:name
		ADDED from src/main/AndroidManifest.xml:28:20-62
uses-permission#android.permission.CAMERA
ADDED from src/main/AndroidManifest.xml:29:3-63
MERGED from [:VuforiaWrapper:] AndroidManifest.xml:10:5-65
MERGED from [:VuforiaWrapper:] AndroidManifest.xml:10:5-65
	android:name
		ADDED from src/main/AndroidManifest.xml:29:20-60
uses-feature#android.hardware.camera
ADDED from src/main/AndroidManifest.xml:30:3-83
MERGED from [:VuforiaWrapper:] AndroidManifest.xml:7:5-60
MERGED from [:VuforiaWrapper:] AndroidManifest.xml:7:5-60
	android:required
		ADDED from src/main/AndroidManifest.xml:30:56-80
		MERGED from src/main/AndroidManifest.xml:30:56-80
	android:name
		ADDED from src/main/AndroidManifest.xml:30:17-55
uses-feature#android.hardware.camera.autofocus
ADDED from src/main/AndroidManifest.xml:31:3-93
	android:required
		ADDED from src/main/AndroidManifest.xml:31:66-90
	android:name
		ADDED from src/main/AndroidManifest.xml:31:17-65
uses-feature#android.hardware.camera.front
ADDED from src/main/AndroidManifest.xml:32:3-89
	android:required
		ADDED from src/main/AndroidManifest.xml:32:62-86
	android:name
		ADDED from src/main/AndroidManifest.xml:32:17-61
uses-feature#android.hardware.touchscreen
ADDED from src/main/AndroidManifest.xml:33:3-88
	android:required
		ADDED from src/main/AndroidManifest.xml:33:61-85
	android:name
		ADDED from src/main/AndroidManifest.xml:33:17-60
uses-feature#android.hardware.touchscreen.multitouch
ADDED from src/main/AndroidManifest.xml:34:3-99
	android:required
		ADDED from src/main/AndroidManifest.xml:34:72-96
	android:name
		ADDED from src/main/AndroidManifest.xml:34:17-71
uses-feature#android.hardware.touchscreen.multitouch.distinct
ADDED from src/main/AndroidManifest.xml:35:3-108
	android:required
		ADDED from src/main/AndroidManifest.xml:35:81-105
	android:name
		ADDED from src/main/AndroidManifest.xml:35:17-80
uses-sdk
INJECTED from src/main/AndroidManifest.xml reason: use-sdk injection requested
INJECTED from src/main/AndroidManifest.xml
INJECTED from src/main/AndroidManifest.xml
MERGED from [:gvr:] AndroidManifest.xml:5:5-7:41
MERGED from [:gvr:] AndroidManifest.xml:5:5-7:41
MERGED from [:unitygvr:] AndroidManifest.xml:7:5-9:41
MERGED from [:unitygvr:] AndroidManifest.xml:7:5-9:41
INJECTED from src/main/AndroidManifest.xml
INJECTED from src/main/AndroidManifest.xml
	android:targetSdkVersion
		INJECTED from src/main/AndroidManifest.xml
		ADDED from src/main/AndroidManifest.xml
		INJECTED from src/main/AndroidManifest.xml
	android:minSdkVersion
		INJECTED from src/main/AndroidManifest.xml
		ADDED from src/main/AndroidManifest.xml
		INJECTED from src/main/AndroidManifest.xml
uses-permission#android.permission.ACCESS_NETWORK_STATE
ADDED from [:VuforiaWrapper:] AndroidManifest.xml:11:5-79
	android:name
		ADDED from [:VuforiaWrapper:] AndroidManifest.xml:11:22-76
uses-permission#android.permission.WRITE_EXTERNAL_STORAGE
ADDED from [:VuforiaWrapper:] AndroidManifest.xml:12:5-81
	android:name
		ADDED from [:VuforiaWrapper:] AndroidManifest.xml:12:22-78
uses-permission#android.permission.READ_PHONE_STATE
IMPLIED from src/main/AndroidManifest.xml:2:1-36:12 reason: com.vuforia.engine.app has a targetSdkVersion < 4